# JRE version: OpenJDK Runtime Environment Temurin-21.0.12.1+1 (21.0.12.1+1) (build 21.0.12.1+1-LTS)
# Java VM: OpenJDK 64-Bit Server VM Temurin-21.0.12.1+1 (21.0.12.1+1-LTS, mixed mode, sharing, tiered, compressed oops, compressed class ptrs, parallel gc, windows-amd64)
GC Precious Log:
 CardTable entry size: 512
 CPUs: 8 total, 8 available
 Memory: 7956M
 Large Page Support: Disabled
 NUMA Support: Disabled
 Compressed Oops: Enabled (32-bit)
 Alignments: Space 512K, Generation 512K, Heap 2M
 Heap Min Capacity: 100M
 Heap Initial Capacity: 100M
 Heap Max Capacity: 2G
 Pre-touch: Disabled
 Parallel Workers: 8
Heap:
 PSYoungGen      total 4608K, used 2289K [0x00000000d5580000, 0x00000000d5c00000, 0x0000000100000000)
  eden space 4096K, 47% used [0x00000000d5580000,0x00000000d57647c8,0x00000000d5980000)
  from space 512K, 68% used [0x00000000d5b00000,0x00000000d5b58000,0x00000000d5b80000)
  to   space 512K, 0% used [0x00000000d5b80000,0x00000000d5b80000,0x00000000d5c00000)
 ParOldGen       total 1067520K, used 1067094K [0x0000000080000000, 0x00000000c1280000, 0x00000000d5580000)
  object space 1067520K, 99% used [0x0000000080000000,0x00000000c1215928,0x00000000c1280000)
 Metaspace       used 90930K, committed 92672K, reserved 1179648K
  class space    used 8962K, committed 9792K, reserved 1048576K
GC Heap History (20 events):
Event: 250978.812 GC heap before
{Heap before GC invocations=3211 (full 7):
 PSYoungGen      total 4608K, used 4470K [0x00000000d5580000, 0x00000000d5c80000, 0x0000000100000000)
  eden space 4096K, 99% used [0x00000000d5580000,0x00000000d597fff8,0x00000000d5980000)
  from space 512K, 73% used [0x00000000d5980000,0x00000000d59dd8a0,0x00000000d5a00000)
  to   space 1024K, 0% used [0x00000000d5b80000,0x00000000d5b80000,0x00000000d5c80000)
 ParOldGen       total 1060864K, used 1060782K [0x0000000080000000, 0x00000000c0c00000, 0x00000000d5580000)
  object space 1060864K, 99% used [0x0000000080000000,0x00000000c0beb9d8,0x00000000c0c00000)
 Metaspace       used 90904K, committed 92544K, reserved 1179648K
  class space    used 8962K, committed 9728K, reserved 1048576K
}
Event: 250978.821 GC heap after
{Heap after GC invocations=3211 (full 7):
 PSYoungGen      total 4608K, used 464K [0x00000000d5580000, 0x00000000d5c00000, 0x0000000100000000)
  eden space 4096K, 0% used [0x00000000d5580000,0x00000000d5580000,0x00000000d5980000)
  from space 512K, 90% used [0x00000000d5b80000,0x00000000d5bf43f0,0x00000000d5c00000)
  to   space 1024K, 0% used [0x00000000d5a00000,0x00000000d5a00000,0x00000000d5b00000)
 ParOldGen       total 1061376K, used 1060951K [0x0000000080000000, 0x00000000c0c80000, 0x00000000d5580000)
  object space 1061376K, 99% used [0x0000000080000000,0x00000000c0c15dd8,0x00000000c0c80000)
 Metaspace       used 90904K, committed 92544K, reserved 1179648K
  class space    used 8962K, committed 9728K, reserved 1048576K
}
Event: 250978.850 GC heap before
{Heap before GC invocations=3212 (full 7):
 PSYoungGen      total 4608K, used 4560K [0x00000000d5580000, 0x00000000d5c00000, 0x0000000100000000)
  eden space 4096K, 99% used [0x00000000d5580000,0x00000000d597fff8,0x00000000d5980000)
  from space 512K, 90% used [0x00000000d5b80000,0x00000000d5bf43f0,0x00000000d5c00000)
  to   space 1024K, 0% used [0x00000000d5a00000,0x00000000d5a00000,0x00000000d5b00000)
 ParOldGen       total 1061376K, used 1060951K [0x0000000080000000, 0x00000000c0c80000, 0x00000000d5580000)
  object space 1061376K, 99% used [0x0000000080000000,0x00000000c0c15dd8,0x00000000c0c80000)
 Metaspace       used 90904K, committed 92544K, reserved 1179648K
  class space    used 8962K, committed 9728K, reserved 1048576K
}
Event: 250978.854 GC heap after
{Heap after GC invocations=3212 (full 7):
 PSYoungGen      total 5120K, used 1020K [0x00000000d5580000, 0x00000000d5d80000, 0x0000000100000000)
  eden space 4096K, 0% used [0x00000000d5580000,0x00000000d5580000,0x00000000d5980000)
  from space 1024K, 99% used [0x00000000d5a00000,0x00000000d5aff1f0,0x00000000d5b00000)
  to   space 2048K, 0% used [0x00000000d5b80000,0x00000000d5b80000,0x00000000d5d80000)
 ParOldGen       total 1061376K, used 1061315K [0x0000000080000000, 0x00000000c0c80000, 0x00000000d5580000)
  object space 1061376K, 99% used [0x0000000080000000,0x00000000c0c70ff8,0x00000000c0c80000)
 Metaspace       used 90904K, committed 92544K, reserved 1179648K
  class space    used 8962K, committed 9728K, reserved 1048576K
}
Event: 250978.909 GC heap before
{Heap before GC invocations=3213 (full 7):
 PSYoungGen      total 5120K, used 5116K [0x00000000d5580000, 0x00000000d5d80000, 0x0000000100000000)
  eden space 4096K, 100% used [0x00000000d5580000,0x00000000d5980000,0x00000000d5980000)
  from space 1024K, 99% used [0x00000000d5a00000,0x00000000d5aff1f0,0x00000000d5b00000)
  to   space 2048K, 0% used [0x00000000d5b80000,0x00000000d5b80000,0x00000000d5d80000)
 ParOldGen       total 1061376K, used 1061315K [0x0000000080000000, 0x00000000c0c80000, 0x00000000d5580000)
  object space 1061376K, 99% used [0x0000000080000000,0x00000000c0c70ff8,0x00000000c0c80000)
 Metaspace       used 90906K, committed 92608K, reserved 1179648K
  class space    used 8962K, committed 9792K, reserved 1048576K
}
Event: 250978.913 GC heap after
{Heap after GC invocations=3213 (full 7):
 PSYoungGen      total 5632K, used 1120K [0x00000000d5580000, 0x00000000d5d00000, 0x0000000100000000)
  eden space 4096K, 0% used [0x00000000d5580000,0x00000000d5580000,0x00000000d5980000)
  from space 1536K, 72% used [0x00000000d5b80000,0x00000000d5c98000,0x00000000d5d00000)
  to   space 1536K, 0% used [0x00000000d5a00000,0x00000000d5a00000,0x00000000d5b80000)
 ParOldGen       total 1062400K, used 1062335K [0x0000000080000000, 0x00000000c0d80000, 0x00000000d5580000)
  object space 1062400K, 99% used [0x0000000080000000,0x00000000c0d6fd60,0x00000000c0d80000)
 Metaspace       used 90906K, committed 92608K, reserved 1179648K
  class space    used 8962K, committed 9792K, reserved 1048576K
}
Event: 250978.940 GC heap before
{Heap before GC invocations=3214 (full 7):
 PSYoungGen      total 5632K, used 5216K [0x00000000d5580000, 0x00000000d5d00000, 0x0000000100000000)
  eden space 4096K, 100% used [0x00000000d5580000,0x00000000d5980000,0x00000000d5980000)
  from space 1536K, 72% used [0x00000000d5b80000,0x00000000d5c98000,0x00000000d5d00000)
  to   space 1536K, 0% used [0x00000000d5a00000,0x00000000d5a00000,0x00000000d5b80000)
 ParOldGen       total 1062400K, used 1062335K [0x0000000080000000, 0x00000000c0d80000, 0x00000000d5580000)
  object space 1062400K, 99% used [0x0000000080000000,0x00000000c0d6fd60,0x00000000c0d80000)
 Metaspace       used 90906K, committed 92608K, reserved 1179648K
  class space    used 8962K, committed 9792K, reserved 1048576K
}
Event: 250978.944 GC heap after
{Heap after GC invocations=3214 (full 7):
 PSYoungGen      total 5120K, used 834K [0x00000000d5580000, 0x00000000d5c00000, 0x0000000100000000)
  eden space 4096K, 0% used [0x00000000d5580000,0x00000000d5580000,0x00000000d5980000)
  from space 1024K, 81% used [0x00000000d5a00000,0x00000000d5ad0b78,0x00000000d5b00000)
  to   space 1024K, 0% used [0x00000000d5b00000,0x00000000d5b00000,0x00000000d5c00000)
 ParOldGen       total 1063424K, used 1063279K [0x0000000080000000, 0x00000000c0e80000, 0x00000000d5580000)
  object space 1063424K, 99% used [0x0000000080000000,0x00000000c0e5bd60,0x00000000c0e80000)
 Metaspace       used 90906K, committed 92608K, reserved 1179648K
  class space    used 8962K, committed 9792K, reserved 1048576K
}
Event: 250978.973 GC heap before
{Heap before GC invocations=3215 (full 7):
 PSYoungGen      total 5120K, used 4916K [0x00000000d5580000, 0x00000000d5c00000, 0x0000000100000000)
  eden space 4096K, 99% used [0x00000000d5580000,0x00000000d597c5b8,0x00000000d5980000)
  from space 1024K, 81% used [0x00000000d5a00000,0x00000000d5ad0b78,0x00000000d5b00000)
  to   space 1024K, 0% used [0x00000000d5b00000,0x00000000d5b00000,0x00000000d5c00000)
 ParOldGen       total 1063424K, used 1063279K [0x0000000080000000, 0x00000000c0e80000, 0x00000000d5580000)
  object space 1063424K, 99% used [0x0000000080000000,0x00000000c0e5bd60,0x00000000c0e80000)
 Metaspace       used 90906K, committed 92608K, reserved 1179648K
  class space    used 8962K, committed 9792K, reserved 1048576K
}
Event: 250978.978 GC heap after
{Heap after GC invocations=3215 (full 7):
 PSYoungGen      total 5120K, used 661K [0x00000000d5580000, 0x00000000d5c00000, 0x0000000100000000)
  eden space 4096K, 0% used [0x00000000d5580000,0x00000000d5580000,0x00000000d5980000)
  from space 1024K, 64% used [0x00000000d5b00000,0x00000000d5ba56a0,0x00000000d5c00000)
  to   space 1024K, 0% used [0x00000000d5a00000,0x00000000d5a00000,0x00000000d5b00000)
 ParOldGen       total 1063936K, used 1063778K [0x0000000080000000, 0x00000000c0f00000, 0x00000000d5580000)
  object space 1063936K, 99% used [0x0000000080000000,0x00000000c0ed88d8,0x00000000c0f00000)
 Metaspace       used 90906K, committed 92608K, reserved 1179648K
  class space    used 8962K, committed 9792K, reserved 1048576K
}
Event: 250979.010 GC heap before
{Heap before GC invocations=3216 (full 7):
 PSYoungGen      total 5120K, used 4757K [0x00000000d5580000, 0x00000000d5c00000, 0x0000000100000000)
  eden space 4096K, 100% used [0x00000000d5580000,0x00000000d5980000,0x00000000d5980000)
  from space 1024K, 64% used [0x00000000d5b00000,0x00000000d5ba56a0,0x00000000d5c00000)
  to   space 1024K, 0% used [0x00000000d5a00000,0x00000000d5a00000,0x00000000d5b00000)
 ParOldGen       total 1063936K, used 1063778K [0x0000000080000000, 0x00000000c0f00000, 0x00000000d5580000)
  object space 1063936K, 99% used [0x0000000080000000,0x00000000c0ed88d8,0x00000000c0f00000)
 Metaspace       used 90906K, committed 92608K, reserved 1179648K
  class space    used 8962K, committed 9792K, reserved 1048576K
}
Event: 250979.014 GC heap after
{Heap after GC invocations=3216 (full 7):
 PSYoungGen      total 5120K, used 1020K [0x00000000d5580000, 0x00000000d5e80000, 0x0000000100000000)
  eden space 4096K, 0% used [0x00000000d5580000,0x00000000d5580000,0x00000000d5980000)
  from space 1024K, 99% used [0x00000000d5a00000,0x00000000d5aff1d0,0x00000000d5b00000)
  to   space 2560K, 0% used [0x00000000d5c00000,0x00000000d5c00000,0x00000000d5e80000)
 ParOldGen       total 1064960K, used 1064743K [0x0000000080000000, 0x00000000c1000000, 0x00000000d5580000)
  object space 1064960K, 99% used [0x0000000080000000,0x00000000c0fc9ed8,0x00000000c1000000)
 Metaspace       used 90906K, committed 92608K, reserved 1179648K
  class space    used 8962K, committed 9792K, reserved 1048576K
}
Event: 250979.045 GC heap before
{Heap before GC invocations=3217 (full 7):
 PSYoungGen      total 5120K, used 5116K [0x00000000d5580000, 0x00000000d5e80000, 0x0000000100000000)
  eden space 4096K, 100% used [0x00000000d5580000,0x00000000d5980000,0x00000000d5980000)
  from space 1024K, 99% used [0x00000000d5a00000,0x00000000d5aff1d0,0x00000000d5b00000)
  to   space 2560K, 0% used [0x00000000d5c00000,0x00000000d5c00000,0x00000000d5e80000)
 ParOldGen       total 1064960K, used 1064743K [0x0000000080000000, 0x00000000c1000000, 0x00000000d5580000)
  object space 1064960K, 99% used [0x0000000080000000,0x00000000c0fc9ed8,0x00000000c1000000)
 Metaspace       used 90906K, committed 92608K, reserved 1179648K
  class space    used 8962K, committed 9792K, reserved 1048576K
}
Event: 250979.051 GC heap after
{Heap after GC invocations=3217 (full 7):
 PSYoungGen      total 5632K, used 1088K [0x00000000d5580000, 0x00000000d5d80000, 0x0000000100000000)
  eden space 4096K, 0% used [0x00000000d5580000,0x00000000d5580000,0x00000000d5980000)
  from space 1536K, 70% used [0x00000000d5c00000,0x00000000d5d10000,0x00000000d5d80000)
  to   space 1536K, 0% used [0x00000000d5a80000,0x00000000d5a80000,0x00000000d5c00000)
 ParOldGen       total 1065984K, used 1065763K [0x0000000080000000, 0x00000000c1100000, 0x00000000d5580000)
  object space 1065984K, 99% used [0x0000000080000000,0x00000000c10c8c10,0x00000000c1100000)
 Metaspace       used 90906K, committed 92608K, reserved 1179648K
  class space    used 8962K, committed 9792K, reserved 1048576K
}
Event: 250998.923 GC heap before
{Heap before GC invocations=3218 (full 7):
 PSYoungGen      total 5632K, used 5184K [0x00000000d5580000, 0x00000000d5d80000, 0x0000000100000000)
  eden space 4096K, 100% used [0x00000000d5580000,0x00000000d5980000,0x00000000d5980000)
  from space 1536K, 70% used [0x00000000d5c00000,0x00000000d5d10000,0x00000000d5d80000)
  to   space 1536K, 0% used [0x00000000d5a80000,0x00000000d5a80000,0x00000000d5c00000)
 ParOldGen       total 1065984K, used 1065763K [0x0000000080000000, 0x00000000c1100000, 0x00000000d5580000)
  object space 1065984K, 99% used [0x0000000080000000,0x00000000c10c8c10,0x00000000c1100000)
 Metaspace       used 90906K, committed 92608K, reserved 1179648K
  class space    used 8962K, committed 9792K, reserved 1048576K
}
Event: 250998.928 GC heap after
{Heap after GC invocations=3218 (full 7):
 PSYoungGen      total 5120K, used 626K [0x00000000d5580000, 0x00000000d5c80000, 0x0000000100000000)
  eden space 4096K, 0% used [0x00000000d5580000,0x00000000d5580000,0x00000000d5980000)
  from space 1024K, 61% used [0x00000000d5a80000,0x00000000d5b1c958,0x00000000d5b80000)
  to   space 1024K, 0% used [0x00000000d5b80000,0x00000000d5b80000,0x00000000d5c80000)
 ParOldGen       total 1066496K, used 1066475K [0x0000000080000000, 0x00000000c1180000, 0x00000000d5580000)
  object space 1066496K, 99% used [0x0000000080000000,0x00000000c117ac20,0x00000000c1180000)
 Metaspace       used 90906K, committed 92608K, reserved 1179648K
  class space    used 8962K, committed 9792K, reserved 1048576K
}
Event: 250999.125 GC heap before
{Heap before GC invocations=3219 (full 7):
 PSYoungGen      total 5120K, used 4722K [0x00000000d5580000, 0x00000000d5c80000, 0x0000000100000000)
  eden space 4096K, 100% used [0x00000000d5580000,0x00000000d5980000,0x00000000d5980000)
  from space 1024K, 61% used [0x00000000d5a80000,0x00000000d5b1c958,0x00000000d5b80000)
  to   space 1024K, 0% used [0x00000000d5b80000,0x00000000d5b80000,0x00000000d5c80000)
 ParOldGen       total 1066496K, used 1066475K [0x0000000080000000, 0x00000000c1180000, 0x00000000d5580000)
  object space 1066496K, 99% used [0x0000000080000000,0x00000000c117ac20,0x00000000c1180000)
 Metaspace       used 90908K, committed 92608K, reserved 1179648K
  class space    used 8962K, committed 9792K, reserved 1048576K
}
Event: 250999.127 GC heap after
{Heap after GC invocations=3219 (full 7):
 PSYoungGen      total 4608K, used 288K [0x00000000d5580000, 0x00000000d5c00000, 0x0000000100000000)
  eden space 4096K, 0% used [0x00000000d5580000,0x00000000d5580000,0x00000000d5980000)
  from space 512K, 56% used [0x00000000d5b80000,0x00000000d5bc8000,0x00000000d5c00000)
  to   space 512K, 0% used [0x00000000d5b00000,0x00000000d5b00000,0x00000000d5b80000)
 ParOldGen       total 1067520K, used 1067054K [0x0000000080000000, 0x00000000c1280000, 0x00000000d5580000)
  object space 1067520K, 99% used [0x0000000080000000,0x00000000c120b928,0x00000000c1280000)
 Metaspace       used 90908K, committed 92608K, reserved 1179648K
  class space    used 8962K, committed 9792K, reserved 1048576K
}
Event: 251082.885 GC heap before
{Heap before GC invocations=3220 (full 7):
 PSYoungGen      total 4608K, used 4384K [0x00000000d5580000, 0x00000000d5c00000, 0x0000000100000000)
  eden space 4096K, 100% used [0x00000000d5580000,0x00000000d5980000,0x00000000d5980000)
  from space 512K, 56% used [0x00000000d5b80000,0x00000000d5bc8000,0x00000000d5c00000)
  to   space 512K, 0% used [0x00000000d5b00000,0x00000000d5b00000,0x00000000d5b80000)
 ParOldGen       total 1067520K, used 1067054K [0x0000000080000000, 0x00000000c1280000, 0x00000000d5580000)
  object space 1067520K, 99% used [0x0000000080000000,0x00000000c120b928,0x00000000c1280000)
 Metaspace       used 90929K, committed 92672K, reserved 1179648K
  class space    used 8962K, committed 9792K, reserved 1048576K
}
Event: 251083.079 GC heap after
{Heap after GC invocations=3220 (full 7):
 PSYoungGen      total 4608K, used 352K [0x00000000d5580000, 0x00000000d5c00000, 0x0000000100000000)
  eden space 4096K, 0% used [0x00000000d5580000,0x00000000d5580000,0x00000000d5980000)
  from space 512K, 68% used [0x00000000d5b00000,0x00000000d5b58000,0x00000000d5b80000)
  to   space 512K, 0% used [0x00000000d5b80000,0x00000000d5b80000,0x00000000d5c00000)
 ParOldGen       total 1067520K, used 1067094K [0x0000000080000000, 0x00000000c1280000, 0x00000000d5580000)
  object space 1067520K, 99% used [0x0000000080000000,0x00000000c1215928,0x00000000c1280000)
 Metaspace       used 90929K, committed 92672K, reserved 1179648K
  class space    used 8962K, committed 9792K, reserved 1048576K
}

